<?xml version="1.0" encoding="UTF-8"?>
<!-- Generated by org.testng.reporters.JUnitReportReporter -->
<testsuite hostname="ISIPLMUMLP144" failures="0" tests="1" name="ireach.test.IntelliswiftiReach" time="34.813" errors="0" timestamp="2021-04-28T11:54:41 IST" skipped="0">
  <testcase classname="ireach.test.IntelliswiftiReach" name="clockInOut" time="34.813"/>
  <system-out/>
</testsuite> <!-- ireach.test.IntelliswiftiReach -->
